Added Component: Designator=P1(Kf301 2 PINS)
Added Component: Designator=P2(Pitch female 15 pins)
Added Component: Designator=P3(Pitch female 15 pins)
Added Component: Designator=Q1(TEMT6000)
Added Component: Designator=Q2(TEMT6000)
Added Component: Designator=Q3(TEMT6000)
Added Component: Designator=Q4(TEMT6000)
Added Component: Designator=Q5(TEMT6000)
Added Component: Designator=Q6(TEMT6000)
Added Component: Designator=Q7(TEMT6000)
Added Component: Designator=Q8(TEMT6000)
Added Component: Designator=Q9(TEMT6000)
Added Component: Designator=Q10(TEMT6000)
Added Component: Designator=Q11(TEMT6000)
Added Component: Designator=Q12(TEMT6000)
Added Component: Designator=R1(Resistor SMD 0805)
Added Component: Designator=R2(Resistor SMD 0805)
Added Component: Designator=R3(Resistor SMD 0805)
Added Component: Designator=R4(Resistor SMD 0805)
Added Component: Designator=R5(Resistor SMD 0805)
Added Component: Designator=R6(Resistor SMD 0805)
Added Component: Designator=R7(Resistor SMD 0805)
Added Component: Designator=R8(Resistor SMD 0805)
Added Component: Designator=R9(Resistor SMD 0805)
Added Component: Designator=R10(Resistor SMD 0805)
Added Component: Designator=R11(Resistor SMD 0805)
Added Component: Designator=R12(Resistor SMD 0805)
Added Pin To Net: NetName=+5 Pin=P1-1
Added Pin To Net: NetName=+5 Pin=P2-1
Added Pin To Net: NetName=+5 Pin=Q1-3
Added Pin To Net: NetName=+5 Pin=Q2-3
Added Pin To Net: NetName=+5 Pin=Q3-3
Added Pin To Net: NetName=+5 Pin=Q4-3
Added Pin To Net: NetName=+5 Pin=Q5-3
Added Pin To Net: NetName=+5 Pin=Q6-3
Added Pin To Net: NetName=+5 Pin=Q7-3
Added Pin To Net: NetName=+5 Pin=Q8-3
Added Pin To Net: NetName=+5 Pin=Q9-3
Added Pin To Net: NetName=+5 Pin=Q10-3
Added Pin To Net: NetName=+5 Pin=Q11-3
Added Pin To Net: NetName=+5 Pin=Q12-3
Added Net: Name=+5
Added Pin To Net: NetName=GND Pin=P1-2
Added Pin To Net: NetName=GND Pin=P2-2
Added Pin To Net: NetName=GND Pin=P3-2
Added Pin To Net: NetName=GND Pin=R1-2
Added Pin To Net: NetName=GND Pin=R2-2
Added Pin To Net: NetName=GND Pin=R3-2
Added Pin To Net: NetName=GND Pin=R4-2
Added Pin To Net: NetName=GND Pin=R5-2
Added Pin To Net: NetName=GND Pin=R6-2
Added Pin To Net: NetName=GND Pin=R7-2
Added Pin To Net: NetName=GND Pin=R8-2
Added Pin To Net: NetName=GND Pin=R9-2
Added Pin To Net: NetName=GND Pin=R10-2
Added Pin To Net: NetName=GND Pin=R11-2
Added Pin To Net: NetName=GND Pin=R12-2
Added Net: Name=GND
Added Pin To Net: NetName=NetP2_3 Pin=P2-3
Added Pin To Net: NetName=NetP2_3 Pin=Q12-1
Added Pin To Net: NetName=NetP2_3 Pin=R12-1
Added Net: Name=NetP2_3
Added Pin To Net: NetName=NetP2_4 Pin=P2-4
Added Pin To Net: NetName=NetP2_4 Pin=Q9-1
Added Pin To Net: NetName=NetP2_4 Pin=R9-1
Added Net: Name=NetP2_4
Added Pin To Net: NetName=NetP2_5 Pin=P2-5
Added Pin To Net: NetName=NetP2_5 Pin=Q6-1
Added Pin To Net: NetName=NetP2_5 Pin=R6-1
Added Net: Name=NetP2_5
Added Pin To Net: NetName=NetP2_6 Pin=P2-6
Added Pin To Net: NetName=NetP2_6 Pin=Q3-1
Added Pin To Net: NetName=NetP2_6 Pin=R3-1
Added Net: Name=NetP2_6
Added Pin To Net: NetName=NetP2_7 Pin=P2-7
Added Pin To Net: NetName=NetP2_7 Pin=Q11-1
Added Pin To Net: NetName=NetP2_7 Pin=R11-1
Added Net: Name=NetP2_7
Added Pin To Net: NetName=NetP2_8 Pin=P2-8
Added Pin To Net: NetName=NetP2_8 Pin=Q8-1
Added Pin To Net: NetName=NetP2_8 Pin=R8-1
Added Net: Name=NetP2_8
Added Pin To Net: NetName=NetP2_9 Pin=P2-9
Added Pin To Net: NetName=NetP2_9 Pin=Q5-1
Added Pin To Net: NetName=NetP2_9 Pin=R5-1
Added Net: Name=NetP2_9
Added Pin To Net: NetName=NetP2_10 Pin=P2-10
Added Pin To Net: NetName=NetP2_10 Pin=Q2-1
Added Pin To Net: NetName=NetP2_10 Pin=R2-1
Added Net: Name=NetP2_10
Added Pin To Net: NetName=NetP2_11 Pin=P2-11
Added Pin To Net: NetName=NetP2_11 Pin=Q10-1
Added Pin To Net: NetName=NetP2_11 Pin=R10-1
Added Net: Name=NetP2_11
Added Pin To Net: NetName=NetP2_12 Pin=P2-12
Added Pin To Net: NetName=NetP2_12 Pin=Q7-1
Added Pin To Net: NetName=NetP2_12 Pin=R7-1
Added Net: Name=NetP2_12
Added Pin To Net: NetName=NetP2_13 Pin=P2-13
Added Pin To Net: NetName=NetP2_13 Pin=Q4-1
Added Pin To Net: NetName=NetP2_13 Pin=R4-1
Added Net: Name=NetP2_13
Added Pin To Net: NetName=NetP2_14 Pin=P2-14
Added Pin To Net: NetName=NetP2_14 Pin=Q1-1
Added Pin To Net: NetName=NetP2_14 Pin=R1-1
Added Net: Name=NetP2_14
Added Class: Name=mainSchematic
