Determining if the pthread_create exist failed with the following output:
Change Dir: /home/pi/Github/InfraRedLightPositionEstimation/src/Raspberry/lib/pixy/build/hello_pixy/CMakeFiles/CMakeTmp

Run Build Command:"/usr/bin/make" "cmTC_3c45b/fast"
/usr/bin/make -f CMakeFiles/cmTC_3c45b.dir/build.make CMakeFiles/cmTC_3c45b.dir/build
make[1]: Entering directory '/home/pi/Github/InfraRedLightPositionEstimation/src/Raspberry/lib/pixy/build/hello_pixy/CMakeFiles/CMakeTmp'
Building CXX object CMakeFiles/cmTC_3c45b.dir/CheckSymbolExists.cxx.o
/usr/bin/c++     -o CMakeFiles/cmTC_3c45b.dir/CheckSymbolExists.cxx.o -c /home/pi/Github/InfraRedLightPositionEstimation/src/Raspberry/lib/pixy/build/hello_pixy/CMakeFiles/CMakeTmp/CheckSymbolExists.cxx
Linking CXX executable cmTC_3c45b
/usr/bin/cmake -E cmake_link_script CMakeFiles/cmTC_3c45b.dir/link.txt --verbose=1
/usr/bin/c++       -rdynamic CMakeFiles/cmTC_3c45b.dir/CheckSymbolExists.cxx.o  -o cmTC_3c45b 
/usr/bin/ld: CMakeFiles/cmTC_3c45b.dir/CheckSymbolExists.cxx.o: in function `main':
CheckSymbolExists.cxx:(.text+0x38): undefined reference to `pthread_create'
collect2: error: ld returned 1 exit status
make[1]: *** [CMakeFiles/cmTC_3c45b.dir/build.make:87: cmTC_3c45b] Error 1
make[1]: Leaving directory '/home/pi/Github/InfraRedLightPositionEstimation/src/Raspberry/lib/pixy/build/hello_pixy/CMakeFiles/CMakeTmp'
make: *** [Makefile:121: cmTC_3c45b/fast] Error 2

File /home/pi/Github/InfraRedLightPositionEstimation/src/Raspberry/lib/pixy/build/hello_pixy/CMakeFiles/CMakeTmp/CheckSymbolExists.cxx:
/* */
#include <pthread.h>

int main(int argc, char** argv)
{
  (void)argv;
#ifndef pthread_create
  return ((int*)(&pthread_create))[argc];
#else
  (void)argc;
  return 0;
#endif
}

Determining if the function pthread_create exists in the pthreads failed with the following output:
Change Dir: /home/pi/Github/InfraRedLightPositionEstimation/src/Raspberry/lib/pixy/build/hello_pixy/CMakeFiles/CMakeTmp

Run Build Command:"/usr/bin/make" "cmTC_13c6d/fast"
/usr/bin/make -f CMakeFiles/cmTC_13c6d.dir/build.make CMakeFiles/cmTC_13c6d.dir/build
make[1]: Entering directory '/home/pi/Github/InfraRedLightPositionEstimation/src/Raspberry/lib/pixy/build/hello_pixy/CMakeFiles/CMakeTmp'
Building CXX object CMakeFiles/cmTC_13c6d.dir/CheckFunctionExists.cxx.o
/usr/bin/c++    -DCHECK_FUNCTION_EXISTS=pthread_create   -o CMakeFiles/cmTC_13c6d.dir/CheckFunctionExists.cxx.o -c /home/pi/Github/InfraRedLightPositionEstimation/src/Raspberry/lib/pixy/build/hello_pixy/CMakeFiles/CheckLibraryExists/CheckFunctionExists.cxx
Linking CXX executable cmTC_13c6d
/usr/bin/cmake -E cmake_link_script CMakeFiles/cmTC_13c6d.dir/link.txt --verbose=1
/usr/bin/c++   -DCHECK_FUNCTION_EXISTS=pthread_create    -rdynamic CMakeFiles/cmTC_13c6d.dir/CheckFunctionExists.cxx.o  -o cmTC_13c6d -lpthreads 
/usr/bin/ld: cannot find -lpthreads
collect2: error: ld returned 1 exit status
make[1]: *** [CMakeFiles/cmTC_13c6d.dir/build.make:87: cmTC_13c6d] Error 1
make[1]: Leaving directory '/home/pi/Github/InfraRedLightPositionEstimation/src/Raspberry/lib/pixy/build/hello_pixy/CMakeFiles/CMakeTmp'
make: *** [Makefile:121: cmTC_13c6d/fast] Error 2


